[debug] [2026-02-28T17:52:04.767Z] ----------------------------------------------------------------------
[debug] [2026-02-28T17:52:04.769Z] Command:       C:\Program Files\nodejs\node.exe C:\Users\herre\AppData\Roaming\npm\node_modules\firebase-tools\lib\bin\firebase.js deploy --only functions,hosting
[debug] [2026-02-28T17:52:04.769Z] CLI Version:   15.6.0
[debug] [2026-02-28T17:52:04.769Z] Platform:      win32
[debug] [2026-02-28T17:52:04.769Z] Node Version:  v25.6.1
[debug] [2026-02-28T17:52:04.769Z] Time:          Sat Feb 28 2026 11:52:04 GMT-0600 (hora estándar central)
[debug] [2026-02-28T17:52:04.770Z] ----------------------------------------------------------------------
[debug] 
[debug] [2026-02-28T17:52:05.718Z] > command requires scopes: ["email","openid","https://www.googleapis.com/auth/cloudplatformprojects.readonly","https://www.googleapis.com/auth/firebase","https://www.googleapis.com/auth/cloud-platform"]
[debug] [2026-02-28T17:52:05.718Z] > authorizing via signed-in user (pandipandishu@gmail.com)
[debug] [2026-02-28T17:52:05.718Z] [iam] checking project pandishu-web-1d860 for permissions ["cloudfunctions.functions.create","cloudfunctions.functions.delete","cloudfunctions.functions.get","cloudfunctions.functions.list","cloudfunctions.functions.update","cloudfunctions.operations.get","firebase.projects.get","firebasehosting.sites.update"]
[debug] [2026-02-28T17:52:05.719Z] Checked if tokens are valid: true, expires at: 1772304217587
[debug] [2026-02-28T17:52:05.719Z] Checked if tokens are valid: true, expires at: 1772304217587
[debug] [2026-02-28T17:52:05.720Z] >>> [apiv2][query] POST https://cloudresourcemanager.googleapis.com/v1/projects/pandishu-web-1d860:testIamPermissions [none]
[debug] [2026-02-28T17:52:05.720Z] >>> [apiv2][(partial)header] POST https://cloudresourcemanager.googleapis.com/v1/projects/pandishu-web-1d860:testIamPermissions  x-goog-user-project=pandishu-web-1d860
[debug] [2026-02-28T17:52:05.720Z] >>> [apiv2][body] POST https://cloudresourcemanager.googleapis.com/v1/projects/pandishu-web-1d860:testIamPermissions {"permissions":["cloudfunctions.functions.create","cloudfunctions.functions.delete","cloudfunctions.functions.get","cloudfunctions.functions.list","cloudfunctions.functions.update","cloudfunctions.operations.get","firebase.projects.get","firebasehosting.sites.update"]}
[debug] [2026-02-28T17:52:06.019Z] <<< [apiv2][status] POST https://cloudresourcemanager.googleapis.com/v1/projects/pandishu-web-1d860:testIamPermissions 200
[debug] [2026-02-28T17:52:06.019Z] <<< [apiv2][body] POST https://cloudresourcemanager.googleapis.com/v1/projects/pandishu-web-1d860:testIamPermissions {"permissions":["cloudfunctions.functions.create","cloudfunctions.functions.delete","cloudfunctions.functions.get","cloudfunctions.functions.list","cloudfunctions.functions.update","cloudfunctions.operations.get","firebase.projects.get","firebasehosting.sites.update"]}
[debug] [2026-02-28T17:52:06.019Z] Checked if tokens are valid: true, expires at: 1772304217587
[debug] [2026-02-28T17:52:06.019Z] Checked if tokens are valid: true, expires at: 1772304217587
[debug] [2026-02-28T17:52:06.019Z] >>> [apiv2][query] POST https://iam.googleapis.com/v1/projects/pandishu-web-1d860/serviceAccounts/pandishu-web-1d860@appspot.gserviceaccount.com:testIamPermissions [none]
[debug] [2026-02-28T17:52:06.019Z] >>> [apiv2][body] POST https://iam.googleapis.com/v1/projects/pandishu-web-1d860/serviceAccounts/pandishu-web-1d860@appspot.gserviceaccount.com:testIamPermissions {"permissions":["iam.serviceAccounts.actAs"]}
[debug] [2026-02-28T17:52:06.288Z] <<< [apiv2][status] POST https://iam.googleapis.com/v1/projects/pandishu-web-1d860/serviceAccounts/pandishu-web-1d860@appspot.gserviceaccount.com:testIamPermissions 200
[debug] [2026-02-28T17:52:06.288Z] <<< [apiv2][body] POST https://iam.googleapis.com/v1/projects/pandishu-web-1d860/serviceAccounts/pandishu-web-1d860@appspot.gserviceaccount.com:testIamPermissions {"permissions":["iam.serviceAccounts.actAs"]}
[debug] [2026-02-28T17:52:06.288Z] Checked if tokens are valid: true, expires at: 1772304217587
[debug] [2026-02-28T17:52:06.289Z] Checked if tokens are valid: true, expires at: 1772304217587
[debug] [2026-02-28T17:52:06.289Z] >>> [apiv2][query] GET https://firebase.googleapis.com/v1beta1/projects/pandishu-web-1d860 [none]
